{
  "stats": {
    "suites": 1,
    "tests": 1,
    "passes": 1,
    "pending": 0,
    "failures": 0,
    "start": "2023-07-27T09:38:31.896Z",
    "end": "2023-07-27T09:38:38.880Z",
    "duration": 6984,
    "testsRegistered": 1,
    "passPercent": 100,
    "pendingPercent": 0,
    "other": 0,
    "hasOther": false,
    "skipped": 0,
    "hasSkipped": false
  },
  "results": [
    {
      "uuid": "c89776a7-3bbf-4acc-a5a3-6fd9db2fd6fe",
      "title": "",
      "fullFile": "cypress\\e2e\\TestCases\\Login.cy.js",
      "file": "cypress\\e2e\\TestCases\\Login.cy.js",
      "beforeHooks": [],
      "afterHooks": [],
      "tests": [],
      "suites": [
        {
          "uuid": "ff0cfb07-e39d-4b2a-82c9-14d115bd82ca",
          "title": "Valid Login Credentials",
          "fullFile": "",
          "file": "",
          "beforeHooks": [],
          "afterHooks": [],
          "tests": [
            {
              "title": "Redirection to Home Page",
              "fullTitle": "Valid Login Credentials Redirection to Home Page",
              "timedOut": null,
              "duration": 4359,
              "state": "passed",
              "speed": "fast",
              "pass": true,
              "fail": false,
              "pending": false,
              "context": null,
              "code": "cy.visit('https://example.testproject.io/web/');\ncy.wait(1000);\ncy.get('#name').type('adilTest');\ncy.get('#password').type('12345');\ncy.get('#login').click();\ncy.get('#pageLogin > h1').should('contain.text', 'TestProject Example page');\ncy.get('#logout').click();",
              "err": {},
              "uuid": "4be94d24-7a49-49a1-a669-8ab1eb41e440",
              "parentUUID": "ff0cfb07-e39d-4b2a-82c9-14d115bd82ca",
              "isHook": false,
              "skipped": false
            }
          ],
          "suites": [],
          "passes": [
            "4be94d24-7a49-49a1-a669-8ab1eb41e440"
          ],
          "failures": [],
          "pending": [],
          "skipped": [],
          "duration": 4359,
          "root": false,
          "rootEmpty": false,
          "_timeout": 2000
        }
      ],
      "passes": [],
      "failures": [],
      "pending": [],
      "skipped": [],
      "duration": 0,
      "root": true,
      "rootEmpty": true,
      "_timeout": 2000
    }
  ],
  "meta": {
    "mocha": {
      "version": "7.0.1"
    },
    "mochawesome": {
      "options": {
        "quiet": false,
        "reportFilename": "mochawesome",
        "saveHtml": false,
        "saveJson": true,
        "consoleReporter": "spec",
        "useInlineDiffs": false,
        "code": true
      },
      "version": "7.1.3"
    },
    "marge": {
      "options": {
        "charts": true,
        "overwrite": false,
        "html": false,
        "json": true,
        "reportDir": "cypress/reporter/mochawesome-report"
      },
      "version": "6.2.0"
    }
  }
}