{
  "stats": {
    "suites": 1,
    "tests": 1,
    "passes": 1,
    "pending": 0,
    "failures": 0,
    "start": "2023-07-27T09:38:24.483Z",
    "end": "2023-07-27T09:38:27.818Z",
    "duration": 3335,
    "testsRegistered": 1,
    "passPercent": 100,
    "pendingPercent": 0,
    "other": 0,
    "hasOther": false,
    "skipped": 0,
    "hasSkipped": false
  },
  "results": [
    {
      "uuid": "da5a809d-d9c8-4152-9299-1700b504ab63",
      "title": "",
      "fullFile": "cypress\\e2e\\TestCases\\AssertionDemo.cy.js",
      "file": "cypress\\e2e\\TestCases\\AssertionDemo.cy.js",
      "beforeHooks": [],
      "afterHooks": [],
      "tests": [],
      "suites": [
        {
          "uuid": "27c73237-a408-47ef-b8b5-52b99dec987c",
          "title": "Assertion Demo Test",
          "fullFile": "",
          "file": "",
          "beforeHooks": [],
          "afterHooks": [],
          "tests": [
            {
              "title": "Assertion Test",
              "fullTitle": "Assertion Demo Test Assertion Test",
              "timedOut": null,
              "duration": 1913,
              "state": "passed",
              "speed": "fast",
              "pass": true,
              "fail": false,
              "pending": false,
              "context": null,
              "code": "cy.visit('https://example.cypress.io/');\ncy.contains('get').click();\ncy.get('#query-btn').should('contain', 'Button') // Verify Button Text present on the particular button item\n.and('have.class', 'query-btn');\ncy.get('[data-test-id=\"test-example\"]').should('have.class', 'example');\ncy.get(\".query-list\").contains('bananas').should('have.class', 'third');\ncy.get(\".query-list\").contains('apples').should('have.class', 'first');\nassert.equal('4', '4', 'Not Equal');",
              "err": {},
              "uuid": "a37b102d-bd1d-4faf-9852-7a785dbd32a3",
              "parentUUID": "27c73237-a408-47ef-b8b5-52b99dec987c",
              "isHook": false,
              "skipped": false
            }
          ],
          "suites": [],
          "passes": [
            "a37b102d-bd1d-4faf-9852-7a785dbd32a3"
          ],
          "failures": [],
          "pending": [],
          "skipped": [],
          "duration": 1913,
          "root": false,
          "rootEmpty": false,
          "_timeout": 2000
        }
      ],
      "passes": [],
      "failures": [],
      "pending": [],
      "skipped": [],
      "duration": 0,
      "root": true,
      "rootEmpty": true,
      "_timeout": 2000
    }
  ],
  "meta": {
    "mocha": {
      "version": "7.0.1"
    },
    "mochawesome": {
      "options": {
        "quiet": false,
        "reportFilename": "mochawesome",
        "saveHtml": false,
        "saveJson": true,
        "consoleReporter": "spec",
        "useInlineDiffs": false,
        "code": true
      },
      "version": "7.1.3"
    },
    "marge": {
      "options": {
        "charts": true,
        "overwrite": false,
        "html": false,
        "json": true,
        "reportDir": "cypress/reporter/mochawesome-report"
      },
      "version": "6.2.0"
    }
  }
}