{
  "stats": {
    "suites": 1,
    "tests": 3,
    "passes": 3,
    "pending": 0,
    "failures": 0,
    "start": "2023-07-27T09:38:17.773Z",
    "end": "2023-07-27T09:38:21.546Z",
    "duration": 3773,
    "testsRegistered": 3,
    "passPercent": 100,
    "pendingPercent": 0,
    "other": 0,
    "hasOther": false,
    "skipped": 0,
    "hasSkipped": false
  },
  "results": [
    {
      "uuid": "227f00cd-978a-4b6e-93d9-01dad550aba2",
      "title": "",
      "fullFile": "cypress\\e2e\\2-advanced-examples\\window.cy.js",
      "file": "cypress\\e2e\\2-advanced-examples\\window.cy.js",
      "beforeHooks": [],
      "afterHooks": [],
      "tests": [],
      "suites": [
        {
          "uuid": "83608ac6-37ee-42de-9995-de6a7b60fd83",
          "title": "Window",
          "fullFile": "",
          "file": "",
          "beforeHooks": [],
          "afterHooks": [],
          "tests": [
            {
              "title": "cy.window() - get the global window object",
              "fullTitle": "Window cy.window() - get the global window object",
              "timedOut": null,
              "duration": 1690,
              "state": "passed",
              "speed": "fast",
              "pass": true,
              "fail": false,
              "pending": false,
              "context": null,
              "code": "// https://on.cypress.io/window\ncy.window().should('have.property', 'top');",
              "err": {},
              "uuid": "001ffba1-d64e-4370-80d2-2b25f7f4f390",
              "parentUUID": "83608ac6-37ee-42de-9995-de6a7b60fd83",
              "isHook": false,
              "skipped": false
            },
            {
              "title": "cy.document() - get the document object",
              "fullTitle": "Window cy.document() - get the document object",
              "timedOut": null,
              "duration": 214,
              "state": "passed",
              "speed": "fast",
              "pass": true,
              "fail": false,
              "pending": false,
              "context": null,
              "code": "// https://on.cypress.io/document\ncy.document().should('have.property', 'charset').and('eq', 'UTF-8');",
              "err": {},
              "uuid": "4c11d7b8-075b-4727-a484-617617dd5020",
              "parentUUID": "83608ac6-37ee-42de-9995-de6a7b60fd83",
              "isHook": false,
              "skipped": false
            },
            {
              "title": "cy.title() - get the title",
              "fullTitle": "Window cy.title() - get the title",
              "timedOut": null,
              "duration": 188,
              "state": "passed",
              "speed": "fast",
              "pass": true,
              "fail": false,
              "pending": false,
              "context": null,
              "code": "// https://on.cypress.io/title\ncy.title().should('include', 'Kitchen Sink');",
              "err": {},
              "uuid": "71ab8801-36a0-44d2-9046-bfeccbe08f7b",
              "parentUUID": "83608ac6-37ee-42de-9995-de6a7b60fd83",
              "isHook": false,
              "skipped": false
            }
          ],
          "suites": [],
          "passes": [
            "001ffba1-d64e-4370-80d2-2b25f7f4f390",
            "4c11d7b8-075b-4727-a484-617617dd5020",
            "71ab8801-36a0-44d2-9046-bfeccbe08f7b"
          ],
          "failures": [],
          "pending": [],
          "skipped": [],
          "duration": 2092,
          "root": false,
          "rootEmpty": false,
          "_timeout": 2000
        }
      ],
      "passes": [],
      "failures": [],
      "pending": [],
      "skipped": [],
      "duration": 0,
      "root": true,
      "rootEmpty": true,
      "_timeout": 2000
    }
  ],
  "meta": {
    "mocha": {
      "version": "7.0.1"
    },
    "mochawesome": {
      "options": {
        "quiet": false,
        "reportFilename": "mochawesome",
        "saveHtml": false,
        "saveJson": true,
        "consoleReporter": "spec",
        "useInlineDiffs": false,
        "code": true
      },
      "version": "7.1.3"
    },
    "marge": {
      "options": {
        "charts": true,
        "overwrite": false,
        "html": false,
        "json": true,
        "reportDir": "cypress/reporter/mochawesome-report"
      },
      "version": "6.2.0"
    }
  }
}