{
  "stats": {
    "suites": 1,
    "tests": 1,
    "passes": 1,
    "pending": 0,
    "failures": 0,
    "start": "2023-07-27T13:13:42.395Z",
    "end": "2023-07-27T13:13:50.070Z",
    "duration": 7675,
    "testsRegistered": 1,
    "passPercent": 100,
    "pendingPercent": 0,
    "other": 0,
    "hasOther": false,
    "skipped": 0,
    "hasSkipped": false
  },
  "results": [
    {
      "uuid": "bca6978a-592d-4ec8-9426-67b39369e8de",
      "title": "",
      "fullFile": "cypress\\e2e\\TestCases\\Login.cy.js",
      "file": "cypress\\e2e\\TestCases\\Login.cy.js",
      "beforeHooks": [],
      "afterHooks": [],
      "tests": [],
      "suites": [
        {
          "uuid": "b1f6c347-a141-4ec3-a008-fe2e7703a169",
          "title": "Valid Login Credentials",
          "fullFile": "",
          "file": "",
          "beforeHooks": [],
          "afterHooks": [],
          "tests": [
            {
              "title": "Redirection to Home Page",
              "fullTitle": "Valid Login Credentials Redirection to Home Page",
              "timedOut": null,
              "duration": 4375,
              "state": "passed",
              "speed": "fast",
              "pass": true,
              "fail": false,
              "pending": false,
              "context": null,
              "code": "cy.visit('https://example.testproject.io/web/');\ncy.wait(1000);\ncy.get('#name').type('adilTest');\ncy.get('#password').type('12345');\ncy.get('#login').click();\ncy.get('#pageLogin > h1').should('contain.text', 'TestProject Example page');\ncy.get('#logout').click();",
              "err": {},
              "uuid": "1099ca58-c72c-422d-8fda-65e0874004cc",
              "parentUUID": "b1f6c347-a141-4ec3-a008-fe2e7703a169",
              "isHook": false,
              "skipped": false
            }
          ],
          "suites": [],
          "passes": [
            "1099ca58-c72c-422d-8fda-65e0874004cc"
          ],
          "failures": [],
          "pending": [],
          "skipped": [],
          "duration": 4375,
          "root": false,
          "rootEmpty": false,
          "_timeout": 2000
        }
      ],
      "passes": [],
      "failures": [],
      "pending": [],
      "skipped": [],
      "duration": 0,
      "root": true,
      "rootEmpty": true,
      "_timeout": 2000
    }
  ],
  "meta": {
    "mocha": {
      "version": "7.0.1"
    },
    "mochawesome": {
      "options": {
        "quiet": false,
        "reportFilename": "mochawesome",
        "saveHtml": false,
        "saveJson": true,
        "consoleReporter": "spec",
        "useInlineDiffs": false,
        "code": true
      },
      "version": "7.1.3"
    },
    "marge": {
      "options": {
        "charts": true,
        "overwrite": false,
        "html": false,
        "json": true,
        "reportDir": "cypress/reporter/mochawesome-report"
      },
      "version": "6.2.0"
    }
  }
}